*****Cron started for alert:access_control at 16:21 1 *****
No Whatsapp Client found.
execution_time 0.087255954742432
memory_used 1,767.95 KB
*****Cron ended for alert:access_control 1 *****
*****Cron started for alert:access_control at 16:22 1 *****
No Whatsapp Client found.
execution_time 0.045148849487305
memory_used 1,767.95 KB
*****Cron ended for alert:access_control 1 *****
*****Cron started for alert:access_control at 16:23 1 *****
No Whatsapp Client found.
execution_time 0.036612987518311
memory_used 1,767.95 KB
*****Cron ended for alert:access_control 1 *****
*****Cron started for alert:access_control at 16:24 1 *****
No Whatsapp Client found.
execution_time 0.045467138290405
memory_used 1,767.95 KB
*****Cron ended for alert:access_control 1 *****
*****Cron started for alert:access_control at 16:25 1 *****
No Whatsapp Client found.
execution_time 0.066405057907104
memory_used 1,767.95 KB
*****Cron ended for alert:access_control 1 *****
*****Cron started for alert:access_control at 16:26 1 *****
No Whatsapp Client found.
execution_time 0.037832975387573
memory_used 1,767.95 KB
*****Cron ended for alert:access_control 1 *****
*****Cron started for alert:access_control at 16:27 1 *****
No Whatsapp Client found.
execution_time 0.03849196434021
memory_used 1,767.95 KB
*****Cron ended for alert:access_control 1 *****
*****Cron started for alert:access_control at 16:28 1 *****
No Whatsapp Client found.
execution_time 0.045197010040283
memory_used 1,767.95 KB
*****Cron ended for alert:access_control 1 *****
*****Cron started for alert:access_control at 16:29 1 *****
No Whatsapp Client found.
execution_time 0.042500019073486
memory_used 1,767.95 KB
*****Cron ended for alert:access_control 1 *****
*****Cron started for alert:access_control at 16:30 1 *****
No Whatsapp Client found.
execution_time 0.15066480636597
memory_used 1,767.95 KB
*****Cron ended for alert:access_control 1 *****