Name GULAM with id: 24037 
Name MOHAMMAD with id: 24058 
Name RABIN with id: 24020 
Name NAZMUL with id: 24024 
Name AKDHAS with id: 24042 
Name AFIF with id: 24036 
Name BAHIR with id: 24002 
Name KABIRAJ with id: 24018 
Name PUSHKAL with id: 24025 
Name UPENDRA with id: 24050 
Name BIR with id: 24041 
Name DIYAN with id: 24021 
Name MUHAMMAD with id: 24027 
Name ASOKA with id: 24028 
Name EMMANUEL with id: 24031 
Name MUHAMMAD with id: 24033 
Name FIROZ with id: 24040 
Name SUMAN with id: 24044 
Name SHAKUL HAMEED with id: 24053 
Name MOHAMED with id: 24010 
Name HABIL with id: 24046 
Name PRASHANT with id: 24019 
Name MOHAMED with id: 24012 
Name NIZARUDEEN with id: 24014 
Name SANTHOSH with id: 24035 
Name HABEEB with id: 24057 
Name RAMY with id: 24005 
Name JAYKANT with id: 24034 
Name CHETTRI with id: 24049 
Name TARSEM SINGH with id: 24052 
Name RAJIL PUTHIYA with id: 24059 
Name MOHAMMED with id: 24011 
Name TULASI with id: 24032 
Name DAVOOD with id: 24045 
Name VISHNU with id: 24043 
Name MOHAMMED with id: 24056 
Name MUHAMMED with id: 24003 
Name NIAZ with id: 24009 
Name SALIM with id: 24047 
Name ABID with id: 24007 
Name MUHAMMED SAQLAIN with id: 24051 
Name ROSHAN with id: 24006 
Name SANTOSH with id: 24013 
*****task:sync_multi_shift payload start*****
Attendance Log Processing Alert !

Dear Admin
Attendance Logs Processed for Company id 1 at 09 Jun 2025 at 16:00:10

Name GULAM with id: 24037 
Name MOHAMMAD with id: 24058 
Name RABIN with id: 24020 
Name NAZMUL with id: 24024 
Name AKDHAS with id: 24042 
Name AFIF with id: 24036 
Name BAHIR with id: 24002 
Name KABIRAJ with id: 24018 
Name PUSHKAL with id: 24025 
Name UPENDRA with id: 24050 
Name BIR with id: 24041 
Name DIYAN with id: 24021 
Name MUHAMMAD with id: 24027 
Name ASOKA with id: 24028 
Name EMMANUEL with id: 24031 
Name MUHAMMAD with id: 24033 
Name FIROZ with id: 24040 
Name SUMAN with id: 24044 
Name SHAKUL HAMEED with id: 24053 
Name MOHAMED with id: 24010 
Name HABIL with id: 24046 
Name PRASHANT with id: 24019 
Name MOHAMED with id: 24012 
Name NIZARUDEEN with id: 24014 
Name SANTHOSH with id: 24035 
Name HABEEB with id: 24057 
Name RAMY with id: 24005 
Name JAYKANT with id: 24034 
Name CHETTRI with id: 24049 
Name TARSEM SINGH with id: 24052 
Name RAJIL PUTHIYA with id: 24059 
Name MOHAMMED with id: 24011 
Name TULASI with id: 24032 
Name DAVOOD with id: 24045 
Name VISHNU with id: 24043 
Name MOHAMMED with id: 24056 
Name MUHAMMED with id: 24003 
Name NIAZ with id: 24009 
Name SALIM with id: 24047 
Name ABID with id: 24007 
Name MUHAMMED SAQLAIN with id: 24051 
Name ROSHAN with id: 24006 
Name SANTOSH with id: 24013 

62 logs are pending

Thank you!

*****task:sync_multi_shift payload end*****
*****Cron ended for task:sync_multi_shift*****

Name GULAM with id: 24037 
Name MOHAMMAD with id: 24058 
Name RABIN with id: 24020 
Name NAZMUL with id: 24024 
Name AKDHAS with id: 24042 
Name AFIF with id: 24036 
Name BAHIR with id: 24002 
Name KABIRAJ with id: 24018 
Name PUSHKAL with id: 24025 
Name UPENDRA with id: 24050 
Name BIR with id: 24041 
Name DIYAN with id: 24021 
Name MUHAMMAD with id: 24027 
Name ASOKA with id: 24028 
Name EMMANUEL with id: 24031 
Name MUHAMMAD with id: 24033 
Name FIROZ with id: 24040 
Name SUMAN with id: 24044 
Name SHAKUL HAMEED with id: 24053 
Name MOHAMED with id: 24010 
Name HABIL with id: 24046 
Name PRASHANT with id: 24019 
Name MOHAMED with id: 24012 
Name NIZARUDEEN with id: 24014 
Name SANTHOSH with id: 24035 
Name HABEEB with id: 24057 
Name RAMY with id: 24005 
Name JAYKANT with id: 24034 
Name CHETTRI with id: 24049 
Name TARSEM SINGH with id: 24052 
Name RAJIL PUTHIYA with id: 24059 
Name MOHAMMED with id: 24011 
Name TULASI with id: 24032 
Name DAVOOD with id: 24045 
Name VISHNU with id: 24043 
Name MOHAMMED with id: 24056 
Name MUHAMMED with id: 24003 
Name NIAZ with id: 24009 
Name SALIM with id: 24047 
Name ABID with id: 24007 
Name MUHAMMED SAQLAIN with id: 24051 
Name ROSHAN with id: 24006 
Name SANTOSH with id: 24013 
*****task:sync_multi_shift payload start*****
Attendance Log Processing Alert !

Dear Admin
Attendance Logs Processed for Company id 1 at 09 Jun 2025 at 16:06:56

Name GULAM with id: 24037 
Name MOHAMMAD with id: 24058 
Name RABIN with id: 24020 
Name NAZMUL with id: 24024 
Name AKDHAS with id: 24042 
Name AFIF with id: 24036 
Name BAHIR with id: 24002 
Name KABIRAJ with id: 24018 
Name PUSHKAL with id: 24025 
Name UPENDRA with id: 24050 
Name BIR with id: 24041 
Name DIYAN with id: 24021 
Name MUHAMMAD with id: 24027 
Name ASOKA with id: 24028 
Name EMMANUEL with id: 24031 
Name MUHAMMAD with id: 24033 
Name FIROZ with id: 24040 
Name SUMAN with id: 24044 
Name SHAKUL HAMEED with id: 24053 
Name MOHAMED with id: 24010 
Name HABIL with id: 24046 
Name PRASHANT with id: 24019 
Name MOHAMED with id: 24012 
Name NIZARUDEEN with id: 24014 
Name SANTHOSH with id: 24035 
Name HABEEB with id: 24057 
Name RAMY with id: 24005 
Name JAYKANT with id: 24034 
Name CHETTRI with id: 24049 
Name TARSEM SINGH with id: 24052 
Name RAJIL PUTHIYA with id: 24059 
Name MOHAMMED with id: 24011 
Name TULASI with id: 24032 
Name DAVOOD with id: 24045 
Name VISHNU with id: 24043 
Name MOHAMMED with id: 24056 
Name MUHAMMED with id: 24003 
Name NIAZ with id: 24009 
Name SALIM with id: 24047 
Name ABID with id: 24007 
Name MUHAMMED SAQLAIN with id: 24051 
Name ROSHAN with id: 24006 
Name SANTOSH with id: 24013 

62 logs are pending

Thank you!

*****task:sync_multi_shift payload end*****
*****Cron ended for task:sync_multi_shift*****

Name GULAM with id: 24037 
Name MOHAMMAD with id: 24058 
Name RABIN with id: 24020 
Name NAZMUL with id: 24024 
Name AKDHAS with id: 24042 
Name AFIF with id: 24036 
Name BAHIR with id: 24002 
Name KABIRAJ with id: 24018 
Name PUSHKAL with id: 24025 
Name UPENDRA with id: 24050 
Name BIR with id: 24041 
Name DIYAN with id: 24021 
Name MUHAMMAD with id: 24027 
Name ASOKA with id: 24028 
Name EMMANUEL with id: 24031 
Name MUHAMMAD with id: 24033 
Name FIROZ with id: 24040 
Name SUMAN with id: 24044 
Name SHAKUL HAMEED with id: 24053 
Name MOHAMED with id: 24010 
Name HABIL with id: 24046 
Name PRASHANT with id: 24019 
Name MOHAMED with id: 24012 
Name NIZARUDEEN with id: 24014 
Name SANTHOSH with id: 24035 
Name HABEEB with id: 24057 
Name RAMY with id: 24005 
Name JAYKANT with id: 24034 
Name CHETTRI with id: 24049 
Name TARSEM SINGH with id: 24052 
Name RAJIL PUTHIYA with id: 24059 
Name MOHAMMED with id: 24011 
Name TULASI with id: 24032 
Name DAVOOD with id: 24045 
Name VISHNU with id: 24043 
Name MOHAMMED with id: 24056 
Name MUHAMMED with id: 24003 
Name NIAZ with id: 24009 
Name SALIM with id: 24047 
Name ABID with id: 24007 
Name MUHAMMED SAQLAIN with id: 24051 
Name ROSHAN with id: 24006 
Name SANTOSH with id: 24013 
*****task:sync_multi_shift payload start*****
Attendance Log Processing Alert !

Dear Admin
Attendance Logs Processed for Company id 1 at 09 Jun 2025 at 16:07:14

Name GULAM with id: 24037 
Name MOHAMMAD with id: 24058 
Name RABIN with id: 24020 
Name NAZMUL with id: 24024 
Name AKDHAS with id: 24042 
Name AFIF with id: 24036 
Name BAHIR with id: 24002 
Name KABIRAJ with id: 24018 
Name PUSHKAL with id: 24025 
Name UPENDRA with id: 24050 
Name BIR with id: 24041 
Name DIYAN with id: 24021 
Name MUHAMMAD with id: 24027 
Name ASOKA with id: 24028 
Name EMMANUEL with id: 24031 
Name MUHAMMAD with id: 24033 
Name FIROZ with id: 24040 
Name SUMAN with id: 24044 
Name SHAKUL HAMEED with id: 24053 
Name MOHAMED with id: 24010 
Name HABIL with id: 24046 
Name PRASHANT with id: 24019 
Name MOHAMED with id: 24012 
Name NIZARUDEEN with id: 24014 
Name SANTHOSH with id: 24035 
Name HABEEB with id: 24057 
Name RAMY with id: 24005 
Name JAYKANT with id: 24034 
Name CHETTRI with id: 24049 
Name TARSEM SINGH with id: 24052 
Name RAJIL PUTHIYA with id: 24059 
Name MOHAMMED with id: 24011 
Name TULASI with id: 24032 
Name DAVOOD with id: 24045 
Name VISHNU with id: 24043 
Name MOHAMMED with id: 24056 
Name MUHAMMED with id: 24003 
Name NIAZ with id: 24009 
Name SALIM with id: 24047 
Name ABID with id: 24007 
Name MUHAMMED SAQLAIN with id: 24051 
Name ROSHAN with id: 24006 
Name SANTOSH with id: 24013 

62 logs are pending

Thank you!

*****task:sync_multi_shift payload end*****
*****Cron ended for task:sync_multi_shift*****

Name GULAM with id: 24037 
Name MOHAMMAD with id: 24058 
Name RABIN with id: 24020 
Name NAZMUL with id: 24024 
Name AKDHAS with id: 24042 
Name AFIF with id: 24036 
Name BAHIR with id: 24002 
Name KABIRAJ with id: 24018 
Name PUSHKAL with id: 24025 
Name UPENDRA with id: 24050 
Name BIR with id: 24041 
Name DIYAN with id: 24021 
Name MUHAMMAD with id: 24027 
Name ASOKA with id: 24028 
Name EMMANUEL with id: 24031 
Name MUHAMMAD with id: 24033 
Name FIROZ with id: 24040 
Name SUMAN with id: 24044 
Name SHAKUL HAMEED with id: 24053 
Name MOHAMED with id: 24010 
Name HABIL with id: 24046 
Name PRASHANT with id: 24019 
Name MOHAMED with id: 24012 
Name NIZARUDEEN with id: 24014 
Name SANTHOSH with id: 24035 
Name HABEEB with id: 24057 
Name RAMY with id: 24005 
Name JAYKANT with id: 24034 
Name CHETTRI with id: 24049 
Name TARSEM SINGH with id: 24052 
Name RAJIL PUTHIYA with id: 24059 
Name MOHAMMED with id: 24011 
Name TULASI with id: 24032 
Name DAVOOD with id: 24045 
Name VISHNU with id: 24043 
Name MOHAMMED with id: 24056 
Name MUHAMMED with id: 24003 
Name NIAZ with id: 24009 
Name SALIM with id: 24047 
Name ABID with id: 24007 
Name MUHAMMED SAQLAIN with id: 24051 
Name ROSHAN with id: 24006 
Name SANTOSH with id: 24013 
*****task:sync_multi_shift payload start*****
Attendance Log Processing Alert !

Dear Admin
Attendance Logs Processed for Company id 1 at 09 Jun 2025 at 16:30:15

Name GULAM with id: 24037 
Name MOHAMMAD with id: 24058 
Name RABIN with id: 24020 
Name NAZMUL with id: 24024 
Name AKDHAS with id: 24042 
Name AFIF with id: 24036 
Name BAHIR with id: 24002 
Name KABIRAJ with id: 24018 
Name PUSHKAL with id: 24025 
Name UPENDRA with id: 24050 
Name BIR with id: 24041 
Name DIYAN with id: 24021 
Name MUHAMMAD with id: 24027 
Name ASOKA with id: 24028 
Name EMMANUEL with id: 24031 
Name MUHAMMAD with id: 24033 
Name FIROZ with id: 24040 
Name SUMAN with id: 24044 
Name SHAKUL HAMEED with id: 24053 
Name MOHAMED with id: 24010 
Name HABIL with id: 24046 
Name PRASHANT with id: 24019 
Name MOHAMED with id: 24012 
Name NIZARUDEEN with id: 24014 
Name SANTHOSH with id: 24035 
Name HABEEB with id: 24057 
Name RAMY with id: 24005 
Name JAYKANT with id: 24034 
Name CHETTRI with id: 24049 
Name TARSEM SINGH with id: 24052 
Name RAJIL PUTHIYA with id: 24059 
Name MOHAMMED with id: 24011 
Name TULASI with id: 24032 
Name DAVOOD with id: 24045 
Name VISHNU with id: 24043 
Name MOHAMMED with id: 24056 
Name MUHAMMED with id: 24003 
Name NIAZ with id: 24009 
Name SALIM with id: 24047 
Name ABID with id: 24007 
Name MUHAMMED SAQLAIN with id: 24051 
Name ROSHAN with id: 24006 
Name SANTOSH with id: 24013 

62 logs are pending

Thank you!

*****task:sync_multi_shift payload end*****
*****Cron ended for task:sync_multi_shift*****

Name GULAM with id: 24037 
Name MOHAMMAD with id: 24058 
Name RABIN with id: 24020 
Name NAZMUL with id: 24024 
Name AKDHAS with id: 24042 
Name AFIF with id: 24036 
Name BAHIR with id: 24002 
Name KABIRAJ with id: 24018 
Name PUSHKAL with id: 24025 
Name UPENDRA with id: 24050 
Name BIR with id: 24041 
Name DIYAN with id: 24021 
Name MUHAMMAD with id: 24027 
Name ASOKA with id: 24028 
Name EMMANUEL with id: 24031 
Name MUHAMMAD with id: 24033 
Name FIROZ with id: 24040 
Name SUMAN with id: 24044 
Name SHAKUL HAMEED with id: 24053 
Name MOHAMED with id: 24010 
Name HABIL with id: 24046 
Name PRASHANT with id: 24019 
Name MOHAMED with id: 24012 
Name NIZARUDEEN with id: 24014 
Name SANTHOSH with id: 24035 
Name HABEEB with id: 24057 
Name RAMY with id: 24005 
Name JAYKANT with id: 24034 
Name CHETTRI with id: 24049 
Name TARSEM SINGH with id: 24052 
Name RAJIL PUTHIYA with id: 24059 
Name MOHAMMED with id: 24011 
Name TULASI with id: 24032 
Name DAVOOD with id: 24045 
Name VISHNU with id: 24043 
Name MOHAMMED with id: 24056 
Name MUHAMMED with id: 24003 
Name NIAZ with id: 24009 
Name SALIM with id: 24047 
Name ABID with id: 24007 
Name MUHAMMED SAQLAIN with id: 24051 
Name ROSHAN with id: 24006 
Name SANTOSH with id: 24013 
*****task:sync_multi_shift payload start*****
Attendance Log Processing Alert !

Dear Admin
Attendance Logs Processed for Company id 1 at 09 Jun 2025 at 17:00:10

Name GULAM with id: 24037 
Name MOHAMMAD with id: 24058 
Name RABIN with id: 24020 
Name NAZMUL with id: 24024 
Name AKDHAS with id: 24042 
Name AFIF with id: 24036 
Name BAHIR with id: 24002 
Name KABIRAJ with id: 24018 
Name PUSHKAL with id: 24025 
Name UPENDRA with id: 24050 
Name BIR with id: 24041 
Name DIYAN with id: 24021 
Name MUHAMMAD with id: 24027 
Name ASOKA with id: 24028 
Name EMMANUEL with id: 24031 
Name MUHAMMAD with id: 24033 
Name FIROZ with id: 24040 
Name SUMAN with id: 24044 
Name SHAKUL HAMEED with id: 24053 
Name MOHAMED with id: 24010 
Name HABIL with id: 24046 
Name PRASHANT with id: 24019 
Name MOHAMED with id: 24012 
Name NIZARUDEEN with id: 24014 
Name SANTHOSH with id: 24035 
Name HABEEB with id: 24057 
Name RAMY with id: 24005 
Name JAYKANT with id: 24034 
Name CHETTRI with id: 24049 
Name TARSEM SINGH with id: 24052 
Name RAJIL PUTHIYA with id: 24059 
Name MOHAMMED with id: 24011 
Name TULASI with id: 24032 
Name DAVOOD with id: 24045 
Name VISHNU with id: 24043 
Name MOHAMMED with id: 24056 
Name MUHAMMED with id: 24003 
Name NIAZ with id: 24009 
Name SALIM with id: 24047 
Name ABID with id: 24007 
Name MUHAMMED SAQLAIN with id: 24051 
Name ROSHAN with id: 24006 
Name SANTOSH with id: 24013 

62 logs are pending

Thank you!

*****task:sync_multi_shift payload end*****
*****Cron ended for task:sync_multi_shift*****

Name GULAM with id: 24037 
Name MOHAMMAD with id: 24058 
Name RABIN with id: 24020 
Name NAZMUL with id: 24024 
Name AKDHAS with id: 24042 
Name AFIF with id: 24036 
Name BAHIR with id: 24002 
Name KABIRAJ with id: 24018 
Name PUSHKAL with id: 24025 
Name UPENDRA with id: 24050 
Name BIR with id: 24041 
Name DIYAN with id: 24021 
Name MUHAMMAD with id: 24027 
Name ASOKA with id: 24028 
Name EMMANUEL with id: 24031 
Name MUHAMMAD with id: 24033 
Name FIROZ with id: 24040 
Name SUMAN with id: 24044 
Name SHAKUL HAMEED with id: 24053 
Name MOHAMED with id: 24010 
Name HABIL with id: 24046 
Name PRASHANT with id: 24019 
Name MOHAMED with id: 24012 
Name NIZARUDEEN with id: 24014 
Name SANTHOSH with id: 24035 
Name HABEEB with id: 24057 
Name RAMY with id: 24005 
Name JAYKANT with id: 24034 
Name CHETTRI with id: 24049 
Name TARSEM SINGH with id: 24052 
Name RAJIL PUTHIYA with id: 24059 
Name MOHAMMED with id: 24011 
Name TULASI with id: 24032 
Name DAVOOD with id: 24045 
Name VISHNU with id: 24043 
Name MOHAMMED with id: 24056 
Name MUHAMMED with id: 24003 
Name NIAZ with id: 24009 
Name SALIM with id: 24047 
Name ABID with id: 24007 
Name MUHAMMED SAQLAIN with id: 24051 
Name ROSHAN with id: 24006 
Name SANTOSH with id: 24013 
*****task:sync_multi_shift payload start*****
Attendance Log Processing Alert !

Dear Admin
Attendance Logs Processed for Company id 1 at 09 Jun 2025 at 17:30:12

Name GULAM with id: 24037 
Name MOHAMMAD with id: 24058 
Name RABIN with id: 24020 
Name NAZMUL with id: 24024 
Name AKDHAS with id: 24042 
Name AFIF with id: 24036 
Name BAHIR with id: 24002 
Name KABIRAJ with id: 24018 
Name PUSHKAL with id: 24025 
Name UPENDRA with id: 24050 
Name BIR with id: 24041 
Name DIYAN with id: 24021 
Name MUHAMMAD with id: 24027 
Name ASOKA with id: 24028 
Name EMMANUEL with id: 24031 
Name MUHAMMAD with id: 24033 
Name FIROZ with id: 24040 
Name SUMAN with id: 24044 
Name SHAKUL HAMEED with id: 24053 
Name MOHAMED with id: 24010 
Name HABIL with id: 24046 
Name PRASHANT with id: 24019 
Name MOHAMED with id: 24012 
Name NIZARUDEEN with id: 24014 
Name SANTHOSH with id: 24035 
Name HABEEB with id: 24057 
Name RAMY with id: 24005 
Name JAYKANT with id: 24034 
Name CHETTRI with id: 24049 
Name TARSEM SINGH with id: 24052 
Name RAJIL PUTHIYA with id: 24059 
Name MOHAMMED with id: 24011 
Name TULASI with id: 24032 
Name DAVOOD with id: 24045 
Name VISHNU with id: 24043 
Name MOHAMMED with id: 24056 
Name MUHAMMED with id: 24003 
Name NIAZ with id: 24009 
Name SALIM with id: 24047 
Name ABID with id: 24007 
Name MUHAMMED SAQLAIN with id: 24051 
Name ROSHAN with id: 24006 
Name SANTOSH with id: 24013 

62 logs are pending

Thank you!

*****task:sync_multi_shift payload end*****
*****Cron ended for task:sync_multi_shift*****

Name GULAM with id: 24037 
Name MOHAMMAD with id: 24058 
Name RABIN with id: 24020 
Name NAZMUL with id: 24024 
Name AKDHAS with id: 24042 
Name AFIF with id: 24036 
Name BAHIR with id: 24002 
Name KABIRAJ with id: 24018 
Name PUSHKAL with id: 24025 
Name UPENDRA with id: 24050 
Name BIR with id: 24041 
Name DIYAN with id: 24021 
Name MUHAMMAD with id: 24027 
Name ASOKA with id: 24028 
Name EMMANUEL with id: 24031 
Name MUHAMMAD with id: 24033 
Name FIROZ with id: 24040 
Name SUMAN with id: 24044 
Name SHAKUL HAMEED with id: 24053 
Name MOHAMED with id: 24010 
Name HABIL with id: 24046 
Name PRASHANT with id: 24019 
Name MOHAMED with id: 24012 
Name NIZARUDEEN with id: 24014 
Name SANTHOSH with id: 24035 
Name HABEEB with id: 24057 
Name RAMY with id: 24005 
Name JAYKANT with id: 24034 
Name CHETTRI with id: 24049 
Name TARSEM SINGH with id: 24052 
Name RAJIL PUTHIYA with id: 24059 
Name MOHAMMED with id: 24011 
Name TULASI with id: 24032 
Name DAVOOD with id: 24045 
Name VISHNU with id: 24043 
Name MOHAMMED with id: 24056 
Name MUHAMMED with id: 24003 
Name NIAZ with id: 24009 
Name SALIM with id: 24047 
Name ABID with id: 24007 
Name MUHAMMED SAQLAIN with id: 24051 
Name ROSHAN with id: 24006 
Name SANTOSH with id: 24013 
*****task:sync_multi_shift payload start*****
Attendance Log Processing Alert !

Dear Admin
Attendance Logs Processed for Company id 1 at 09 Jun 2025 at 18:00:10

Name GULAM with id: 24037 
Name MOHAMMAD with id: 24058 
Name RABIN with id: 24020 
Name NAZMUL with id: 24024 
Name AKDHAS with id: 24042 
Name AFIF with id: 24036 
Name BAHIR with id: 24002 
Name KABIRAJ with id: 24018 
Name PUSHKAL with id: 24025 
Name UPENDRA with id: 24050 
Name BIR with id: 24041 
Name DIYAN with id: 24021 
Name MUHAMMAD with id: 24027 
Name ASOKA with id: 24028 
Name EMMANUEL with id: 24031 
Name MUHAMMAD with id: 24033 
Name FIROZ with id: 24040 
Name SUMAN with id: 24044 
Name SHAKUL HAMEED with id: 24053 
Name MOHAMED with id: 24010 
Name HABIL with id: 24046 
Name PRASHANT with id: 24019 
Name MOHAMED with id: 24012 
Name NIZARUDEEN with id: 24014 
Name SANTHOSH with id: 24035 
Name HABEEB with id: 24057 
Name RAMY with id: 24005 
Name JAYKANT with id: 24034 
Name CHETTRI with id: 24049 
Name TARSEM SINGH with id: 24052 
Name RAJIL PUTHIYA with id: 24059 
Name MOHAMMED with id: 24011 
Name TULASI with id: 24032 
Name DAVOOD with id: 24045 
Name VISHNU with id: 24043 
Name MOHAMMED with id: 24056 
Name MUHAMMED with id: 24003 
Name NIAZ with id: 24009 
Name SALIM with id: 24047 
Name ABID with id: 24007 
Name MUHAMMED SAQLAIN with id: 24051 
Name ROSHAN with id: 24006 
Name SANTOSH with id: 24013 

62 logs are pending

Thank you!

*****task:sync_multi_shift payload end*****
*****Cron ended for task:sync_multi_shift*****

Name GULAM with id: 24037 
Name MOHAMMAD with id: 24058 
Name RABIN with id: 24020 
Name NAZMUL with id: 24024 
Name AKDHAS with id: 24042 
Name AFIF with id: 24036 
Name BAHIR with id: 24002 
Name KABIRAJ with id: 24018 
Name PUSHKAL with id: 24025 
Name UPENDRA with id: 24050 
Name BIR with id: 24041 
Name DIYAN with id: 24021 
Name MUHAMMAD with id: 24027 
Name ASOKA with id: 24028 
Name EMMANUEL with id: 24031 
Name MUHAMMAD with id: 24033 
Name FIROZ with id: 24040 
Name SUMAN with id: 24044 
Name SHAKUL HAMEED with id: 24053 
Name MOHAMED with id: 24010 
Name HABIL with id: 24046 
Name PRASHANT with id: 24019 
Name MOHAMED with id: 24012 
Name NIZARUDEEN with id: 24014 
Name SANTHOSH with id: 24035 
Name HABEEB with id: 24057 
Name RAMY with id: 24005 
Name JAYKANT with id: 24034 
Name CHETTRI with id: 24049 
Name TARSEM SINGH with id: 24052 
Name RAJIL PUTHIYA with id: 24059 
Name MOHAMMED with id: 24011 
Name TULASI with id: 24032 
Name DAVOOD with id: 24045 
Name VISHNU with id: 24043 
Name MOHAMMED with id: 24056 
Name MUHAMMED with id: 24003 
Name NIAZ with id: 24009 
Name SALIM with id: 24047 
Name ABID with id: 24007 
Name MUHAMMED SAQLAIN with id: 24051 
Name ROSHAN with id: 24006 
Name SANTOSH with id: 24013 
*****task:sync_multi_shift payload start*****
Attendance Log Processing Alert !

Dear Admin
Attendance Logs Processed for Company id 1 at 09 Jun 2025 at 18:30:17

Name GULAM with id: 24037 
Name MOHAMMAD with id: 24058 
Name RABIN with id: 24020 
Name NAZMUL with id: 24024 
Name AKDHAS with id: 24042 
Name AFIF with id: 24036 
Name BAHIR with id: 24002 
Name KABIRAJ with id: 24018 
Name PUSHKAL with id: 24025 
Name UPENDRA with id: 24050 
Name BIR with id: 24041 
Name DIYAN with id: 24021 
Name MUHAMMAD with id: 24027 
Name ASOKA with id: 24028 
Name EMMANUEL with id: 24031 
Name MUHAMMAD with id: 24033 
Name FIROZ with id: 24040 
Name SUMAN with id: 24044 
Name SHAKUL HAMEED with id: 24053 
Name MOHAMED with id: 24010 
Name HABIL with id: 24046 
Name PRASHANT with id: 24019 
Name MOHAMED with id: 24012 
Name NIZARUDEEN with id: 24014 
Name SANTHOSH with id: 24035 
Name HABEEB with id: 24057 
Name RAMY with id: 24005 
Name JAYKANT with id: 24034 
Name CHETTRI with id: 24049 
Name TARSEM SINGH with id: 24052 
Name RAJIL PUTHIYA with id: 24059 
Name MOHAMMED with id: 24011 
Name TULASI with id: 24032 
Name DAVOOD with id: 24045 
Name VISHNU with id: 24043 
Name MOHAMMED with id: 24056 
Name MUHAMMED with id: 24003 
Name NIAZ with id: 24009 
Name SALIM with id: 24047 
Name ABID with id: 24007 
Name MUHAMMED SAQLAIN with id: 24051 
Name ROSHAN with id: 24006 
Name SANTOSH with id: 24013 

62 logs are pending

Thank you!

*****task:sync_multi_shift payload end*****
*****Cron ended for task:sync_multi_shift*****

Name GULAM with id: 24037 
Name MOHAMMAD with id: 24058 
Name RABIN with id: 24020 
Name NAZMUL with id: 24024 
Name AKDHAS with id: 24042 
Name AFIF with id: 24036 
Name BAHIR with id: 24002 
Name KABIRAJ with id: 24018 
Name PUSHKAL with id: 24025 
Name UPENDRA with id: 24050 
Name BIR with id: 24041 
Name DIYAN with id: 24021 
Name MUHAMMAD with id: 24027 
Name ASOKA with id: 24028 
Name EMMANUEL with id: 24031 
Name MUHAMMAD with id: 24033 
Name FIROZ with id: 24040 
Name SUMAN with id: 24044 
Name SHAKUL HAMEED with id: 24053 
Name MOHAMED with id: 24010 
Name HABIL with id: 24046 
Name PRASHANT with id: 24019 
Name MOHAMED with id: 24012 
Name NIZARUDEEN with id: 24014 
Name SANTHOSH with id: 24035 
Name HABEEB with id: 24057 
Name RAMY with id: 24005 
Name JAYKANT with id: 24034 
Name CHETTRI with id: 24049 
Name TARSEM SINGH with id: 24052 
Name RAJIL PUTHIYA with id: 24059 
Name MOHAMMED with id: 24011 
Name TULASI with id: 24032 
Name DAVOOD with id: 24045 
Name VISHNU with id: 24043 
Name MOHAMMED with id: 24056 
Name MUHAMMED with id: 24003 
Name NIAZ with id: 24009 
Name SALIM with id: 24047 
Name ABID with id: 24007 
Name MUHAMMED SAQLAIN with id: 24051 
Name ROSHAN with id: 24006 
Name SANTOSH with id: 24013 
*****task:sync_multi_shift payload start*****
Attendance Log Processing Alert !

Dear Admin
Attendance Logs Processed for Company id 1 at 09 Jun 2025 at 19:00:16

Name GULAM with id: 24037 
Name MOHAMMAD with id: 24058 
Name RABIN with id: 24020 
Name NAZMUL with id: 24024 
Name AKDHAS with id: 24042 
Name AFIF with id: 24036 
Name BAHIR with id: 24002 
Name KABIRAJ with id: 24018 
Name PUSHKAL with id: 24025 
Name UPENDRA with id: 24050 
Name BIR with id: 24041 
Name DIYAN with id: 24021 
Name MUHAMMAD with id: 24027 
Name ASOKA with id: 24028 
Name EMMANUEL with id: 24031 
Name MUHAMMAD with id: 24033 
Name FIROZ with id: 24040 
Name SUMAN with id: 24044 
Name SHAKUL HAMEED with id: 24053 
Name MOHAMED with id: 24010 
Name HABIL with id: 24046 
Name PRASHANT with id: 24019 
Name MOHAMED with id: 24012 
Name NIZARUDEEN with id: 24014 
Name SANTHOSH with id: 24035 
Name HABEEB with id: 24057 
Name RAMY with id: 24005 
Name JAYKANT with id: 24034 
Name CHETTRI with id: 24049 
Name TARSEM SINGH with id: 24052 
Name RAJIL PUTHIYA with id: 24059 
Name MOHAMMED with id: 24011 
Name TULASI with id: 24032 
Name DAVOOD with id: 24045 
Name VISHNU with id: 24043 
Name MOHAMMED with id: 24056 
Name MUHAMMED with id: 24003 
Name NIAZ with id: 24009 
Name SALIM with id: 24047 
Name ABID with id: 24007 
Name MUHAMMED SAQLAIN with id: 24051 
Name ROSHAN with id: 24006 
Name SANTOSH with id: 24013 

62 logs are pending

Thank you!

*****task:sync_multi_shift payload end*****
*****Cron ended for task:sync_multi_shift*****

Name GULAM with id: 24037 
*****task:sync_multi_shift payload start*****
Attendance Log Processing Alert !

Dear Admin
Attendance Logs Processed for Company id 1 at 09 Jun 2025 at 19:51:14

Name GULAM with id: 24037 

62 logs are pending

Thank you!

*****task:sync_multi_shift payload end*****
*****Cron ended for task:sync_multi_shift*****

Name GULAM with id: 24037 
*****task:sync_multi_shift payload start*****
Attendance Log Processing Alert !

Dear Admin
Attendance Logs Processed for Company id 1 at 09 Jun 2025 at 19:52:14

Name GULAM with id: 24037 

62 logs are pending

Thank you!

*****task:sync_multi_shift payload end*****
*****Cron ended for task:sync_multi_shift*****

Name GULAM with id: 24037 
*****task:sync_multi_shift payload start*****
Attendance Log Processing Alert !

Dear Admin
Attendance Logs Processed for Company id 1 at 09 Jun 2025 at 19:57:29

Name GULAM with id: 24037 

60 logs are pending

Thank you!

*****task:sync_multi_shift payload end*****
*****Cron ended for task:sync_multi_shift*****

Name MOHAMMAD with id: 24058 
*****task:sync_multi_shift payload start*****
Attendance Log Processing Alert !

Dear Admin
Attendance Logs Processed for Company id 1 at 09 Jun 2025 at 19:58:56

Name MOHAMMAD with id: 24058 

58 logs are pending

Thank you!

*****task:sync_multi_shift payload end*****
*****Cron ended for task:sync_multi_shift*****

Name RABIN with id: 24020 
*****task:sync_multi_shift payload start*****
Attendance Log Processing Alert !

Dear Admin
Attendance Logs Processed for Company id 1 at 09 Jun 2025 at 20:00:19

Name RABIN with id: 24020 

56 logs are pending

Thank you!

*****task:sync_multi_shift payload end*****
*****Cron ended for task:sync_multi_shift*****

Name NAZMUL with id: 24024 
*****task:sync_multi_shift payload start*****
Attendance Log Processing Alert !

Dear Admin
Attendance Logs Processed for Company id 1 at 09 Jun 2025 at 20:30:09

Name NAZMUL with id: 24024 

55 logs are pending

Thank you!

*****task:sync_multi_shift payload end*****
*****Cron ended for task:sync_multi_shift*****

Name AKDHAS with id: 24042 
*****task:sync_multi_shift payload start*****
Attendance Log Processing Alert !

Dear Admin
Attendance Logs Processed for Company id 1 at 09 Jun 2025 at 21:00:09

Name AKDHAS with id: 24042 

53 logs are pending

Thank you!

*****task:sync_multi_shift payload end*****
*****Cron ended for task:sync_multi_shift*****

Name AFIF with id: 24036 
*****task:sync_multi_shift payload start*****
Attendance Log Processing Alert !

Dear Admin
Attendance Logs Processed for Company id 1 at 09 Jun 2025 at 21:30:09

Name AFIF with id: 24036 

51 logs are pending

Thank you!

*****task:sync_multi_shift payload end*****
*****Cron ended for task:sync_multi_shift*****

Name PUSHKAL with id: 24025 
*****task:sync_multi_shift payload start*****
Attendance Log Processing Alert !

Dear Admin
Attendance Logs Processed for Company id 1 at 09 Jun 2025 at 22:00:09

Name PUSHKAL with id: 24025 

50 logs are pending

Thank you!

*****task:sync_multi_shift payload end*****
*****Cron ended for task:sync_multi_shift*****

Name KABIRAJ with id: 24018 
*****task:sync_multi_shift payload start*****
Attendance Log Processing Alert !

Dear Admin
Attendance Logs Processed for Company id 1 at 09 Jun 2025 at 22:30:09

Name KABIRAJ with id: 24018 

48 logs are pending

Thank you!

*****task:sync_multi_shift payload end*****
*****Cron ended for task:sync_multi_shift*****

Name UPENDRA with id: 24050 
*****task:sync_multi_shift payload start*****
Attendance Log Processing Alert !

Dear Admin
Attendance Logs Processed for Company id 1 at 09 Jun 2025 at 23:00:09

Name UPENDRA with id: 24050 

46 logs are pending

Thank you!

*****task:sync_multi_shift payload end*****
*****Cron ended for task:sync_multi_shift*****

Name BAHIR with id: 24002 
*****task:sync_multi_shift payload start*****
Attendance Log Processing Alert !

Dear Admin
Attendance Logs Processed for Company id 1 at 09 Jun 2025 at 23:30:09

Name BAHIR with id: 24002 

44 logs are pending

Thank you!

*****task:sync_multi_shift payload end*****
*****Cron ended for task:sync_multi_shift*****
